#
# There is insufficient memory for the Java Runtime Environment to continue.
# Native memory allocation (malloc) failed to allocate 1301936 bytes for Chunk::new
# Possible reasons:
#   The system is out of physical RAM or swap space
#   The process is running with CompressedOops enabled, and the Java Heap may be blocking the growth of the native heap
# Possible solutions:
#   Reduce memory load on the system
#   Increase physical memory or swap space
#   Check if swap backing store is full
#   Decrease Java heap size (-Xmx/-Xms)
#   Decrease number of Java threads
#   Decrease Java thread stack sizes (-Xss)
#   Set larger code cache with -XX:ReservedCodeCacheSize=
#   JVM is running with Unscaled Compressed Oops mode in which the Java heap is
#     placed in the first 4GB address space. The Java Heap base address is the
#     maximum limit for the native heap growth. Please use -XX:HeapBaseMinAddress
#     to set the Java Heap base and to place the Java Heap above 4GB virtual address.
# This output file may be truncated or incomplete.
#
#  Out of Memory Error (allocation.cpp:389), pid=9136, tid=0x0000000000004f04
#
# JRE version: OpenJDK Runtime Environment (Zulu 8.54.0.21-CA-win64) (8.0_292-b10) (build 1.8.0_292-b10)
# Java VM: OpenJDK 64-Bit Server VM (25.292-b10 mixed mode windows-amd64 compressed oops)
# Failed to write core dump. Minidumps are not enabled by default on client versions of Windows
#

---------------  T H R E A D  ---------------

Current thread (0x0000000019a75000):  JavaThread "C2 CompilerThread1" daemon [_thread_in_native, id=20228, stack(0x000000001b1c0000,0x000000001b2c0000)]

Stack: [0x000000001b1c0000,0x000000001b2c0000]
[error occurred during error reporting (printing stack bounds), id 0xc0000005]

Native frames: (J=compiled Java code, j=interpreted, Vv=VM code, C=native code)


Current CompileTask:
C2:   5890 3295       4       org.objectweb.asm.MethodVisitor::visitMethodInsn (80 bytes)


---------------  P R O C E S S  ---------------

Java Threads: ( => current thread )
  0x000000001efb5800 JavaThread "Cache worker for execution history cache (C:\Gradle\gradle-7.5.1\caches\7.5\executionHistory)" [_thread_blocked, id=2704, stack(0x00000000246f0000,0x00000000247f0000)]
  0x000000001efbb800 JavaThread "Cache worker for cache directory md-supplier (C:\Gradle\gradle-7.5.1\caches\7.5\md-supplier)" [_thread_blocked, id=1760, stack(0x00000000243d0000,0x00000000244d0000)]
  0x000000001efbc800 JavaThread "Cache worker for file hash cache (D:\DevelopmentProject\Android\bangkit-md\bangkit-academy-md-repository\3-BelajarPengembanganAplikasiAndroidIntermediate\MyCustomView\.gradle\7.5\fileHashes)" [_thread_blocked, id=2408, stack(0x00000000242d0000,0x00000000243d0000)]
  0x000000001efb4000 JavaThread "Cache worker for file content cache (C:\Gradle\gradle-7.5.1\caches\7.5\fileContent)" [_thread_blocked, id=2416, stack(0x0000000023fd0000,0x00000000240d0000)]
  0x000000001efbb000 JavaThread "Cache worker for cache directory md-rule (C:\Gradle\gradle-7.5.1\caches\7.5\md-rule)" [_thread_blocked, id=2412, stack(0x0000000023ed0000,0x0000000023fd0000)]
  0x000000001efba000 JavaThread "Cache worker for checksums cache (D:\DevelopmentProject\Android\bangkit-md\bangkit-academy-md-repository\3-BelajarPengembanganAplikasiAndroidIntermediate\MyCustomView\.gradle\7.5\checksums)" [_thread_blocked, id=2396, stack(0x0000000023dd0000,0x0000000023ed0000)]
  0x000000001efb9800 JavaThread "jar transforms Thread 12" [_thread_blocked, id=2072, stack(0x0000000023ad0000,0x0000000023bd0000)]
  0x000000001efb4800 JavaThread "jar transforms Thread 11" [_thread_blocked, id=17828, stack(0x00000000239d0000,0x0000000023ad0000)]
  0x000000001efb8800 JavaThread "jar transforms Thread 10" [_thread_blocked, id=4676, stack(0x00000000238d0000,0x00000000239d0000)]
  0x000000001efb8000 JavaThread "jar transforms Thread 9" [_thread_blocked, id=10480, stack(0x00000000237d0000,0x00000000238d0000)]
  0x000000001efb7000 JavaThread "jar transforms Thread 8" [_thread_blocked, id=17000, stack(0x00000000236d0000,0x00000000237d0000)]
  0x000000001efb6000 JavaThread "jar transforms Thread 7" [_thread_in_Java, id=1188, stack(0x00000000235d0000,0x00000000236d0000)]
  0x000000001ca91000 JavaThread "jar transforms Thread 6" [_thread_blocked, id=8528, stack(0x00000000234d0000,0x00000000235d0000)]
  0x000000001ca90000 JavaThread "jar transforms Thread 5" [_thread_blocked, id=10232, stack(0x0000000022340000,0x0000000022440000)]
  0x000000001ca8f800 JavaThread "jar transforms Thread 4" [_thread_blocked, id=8556, stack(0x0000000022240000,0x0000000022340000)]
  0x000000001ca93800 JavaThread "jar transforms Thread 3" [_thread_blocked, id=12852, stack(0x0000000022140000,0x0000000022240000)]
  0x000000001ca8c000 JavaThread "jar transforms Thread 2" [_thread_blocked, id=10236, stack(0x0000000022040000,0x0000000022140000)]
  0x000000001ca8e000 JavaThread "jar transforms" [_thread_blocked, id=17992, stack(0x0000000021f40000,0x0000000022040000)]
  0x000000001ca8d000 JavaThread "File watcher consumer" daemon [_thread_blocked, id=21020, stack(0x0000000021b90000,0x0000000021c90000)]
  0x000000001ca91800 JavaThread "File watcher server" daemon [_thread_in_native, id=16280, stack(0x0000000021a90000,0x0000000021b90000)]
  0x000000001ca92800 JavaThread "Cache worker for file hash cache (C:\Gradle\gradle-7.5.1\caches\7.5\fileHashes)" [_thread_blocked, id=19856, stack(0x000000001f7f0000,0x000000001f8f0000)]
  0x000000001ca8e800 JavaThread "File lock request listener" [_thread_in_native, id=16644, stack(0x000000001e520000,0x000000001e620000)]
  0x000000001b879800 JavaThread "Cache worker for journal cache (C:\Gradle\gradle-7.5.1\caches\journal-1)" [_thread_blocked, id=21312, stack(0x000000001e420000,0x000000001e520000)]
  0x000000001ca32800 JavaThread "Daemon client event forwarder" [_thread_blocked, id=1152, stack(0x000000001e120000,0x000000001e220000)]
  0x000000001ca27000 JavaThread "Stdin handler" [_thread_blocked, id=13940, stack(0x000000001e020000,0x000000001e120000)]
  0x000000001ca25000 JavaThread "Asynchronous log dispatcher for DefaultDaemonConnection: socket connection from /127.0.0.1:52391 to /127.0.0.1:52392" [_thread_blocked, id=3820, stack(0x000000001df20000,0x000000001e020000)]
  0x000000001ca20800 JavaThread "Daemon worker" [_thread_blocked, id=19300, stack(0x000000001de20000,0x000000001df20000)]
  0x000000001ca1f800 JavaThread "Cancel handler" [_thread_blocked, id=5328, stack(0x000000001dd20000,0x000000001de20000)]
  0x000000001c8ca800 JavaThread "Handler for socket connection from /127.0.0.1:52391 to /127.0.0.1:52392" [_thread_in_native, id=20492, stack(0x000000001db20000,0x000000001dc20000)]
  0x000000001c8c9800 JavaThread "Daemon" [_thread_blocked, id=17880, stack(0x000000001da20000,0x000000001db20000)]
  0x000000001c9a4800 JavaThread "Daemon periodic checks" [_thread_blocked, id=7720, stack(0x000000001d920000,0x000000001da20000)]
  0x000000001c9a2800 JavaThread "Incoming local TCP Connector on port 52391" [_thread_in_native, id=2452, stack(0x000000001d4d0000,0x000000001d5d0000)]
  0x000000001bdda800 JavaThread "Daemon health stats" [_thread_blocked, id=5204, stack(0x000000001d090000,0x000000001d190000)]
  0x0000000019a83000 JavaThread "Service Thread" daemon [_thread_blocked, id=5144, stack(0x000000001b4c0000,0x000000001b5c0000)]
  0x0000000019a7a000 JavaThread "C1 CompilerThread3" daemon [_thread_blocked, id=12792, stack(0x000000001b3c0000,0x000000001b4c0000)]
  0x000000001837e000 JavaThread "C2 CompilerThread2" daemon [_thread_in_native, id=12756, stack(0x000000001b2c0000,0x000000001b3c0000)]
=>0x0000000019a75000 JavaThread "C2 CompilerThread1" daemon [_thread_in_native, id=20228, stack(0x000000001b1c0000,0x000000001b2c0000)]
  0x0000000019a72000 JavaThread "C2 CompilerThread0" daemon [_thread_in_native, id=7980, stack(0x000000001b0c0000,0x000000001b1c0000)]
  0x0000000019a6a000 JavaThread "Attach Listener" daemon [_thread_blocked, id=14300, stack(0x000000001afc0000,0x000000001b0c0000)]
  0x0000000019a69000 JavaThread "Signal Dispatcher" daemon [_thread_blocked, id=8160, stack(0x000000001aec0000,0x000000001afc0000)]
  0x0000000018371800 JavaThread "Finalizer" daemon [_thread_blocked, id=16308, stack(0x000000001acc0000,0x000000001adc0000)]
  0x0000000019a53000 JavaThread "Reference Handler" daemon [_thread_blocked, id=2268, stack(0x000000001abc0000,0x000000001acc0000)]
  0x0000000003002800 JavaThread "main" [_thread_blocked, id=4076, stack(0x0000000002f00000,0x0000000003000000)]

Other Threads:
  0x0000000019a32800 VMThread [stack: 0x000000001aac0000,0x000000001abc0000] [id=9624]
  0x0000000019a85000 WatcherThread [stack: 0x000000001b5c0000,0x000000001b6c0000] [id=7120]

VM state:not at safepoint (normal execution)

VM Mutex/Monitor currently owned by a thread: None

heap address: 0x0000000080000000, size: 2048 MB, Compressed Oops mode: 32-bit
Narrow klass base: 0x0000000000000000, Narrow klass shift: 3
Compressed class space size: 1073741824 Address: 0x0000000100000000

Heap:
 PSYoungGen      total 212992K, used 62409K [0x00000000d5580000, 0x00000000e6580000, 0x0000000100000000)
  eden space 201216K, 29% used [0x00000000d5580000,0x00000000d8fd2778,0x00000000e1a00000)
  from space 11776K, 22% used [0x00000000e1a00000,0x00000000e1ca0010,0x00000000e2580000)
  to   space 13312K, 0% used [0x00000000e5880000,0x00000000e5880000,0x00000000e6580000)
 ParOldGen       total 161280K, used 15964K [0x0000000080000000, 0x0000000089d80000, 0x00000000d5580000)
  object space 161280K, 9% used [0x0000000080000000,0x0000000080f973e8,0x0000000089d80000)
 Metaspace       used 37814K, capacity 39592K, committed 39936K, reserved 1083392K
  class space    used 5374K, capacity 5775K, committed 5888K, reserved 1048576K

Card table byte_map: [0x00000000124c0000,0x00000000128d0000] byte_map_base: 0x00000000120c0000

Marking Bits: (ParMarkBitMap*) 0x0000000060212f00
 Begin Bits: [0x0000000013580000, 0x0000000015580000)
 End Bits:   [0x0000000015580000, 0x0000000017580000)

Polling page: 0x0000000001000000

CodeCache: size=245760Kb used=14075Kb max_used=14084Kb free=231684Kb
 bounds [0x0000000003100000, 0x0000000003ed0000, 0x0000000012100000]
 total_blobs=4342 nmethods=3622 adapters=631
 compilation: enabled

Compilation events (10 events):
Event: 5.824 Thread 0x0000000019a7a000 3645       3       org.objectweb.asm.SymbolTable::addConstantUtf8 (98 bytes)
Event: 5.825 Thread 0x0000000019a7a000 nmethod 3645 0x0000000003eab690 code [0x0000000003eab880, 0x0000000003eac038]
Event: 5.828 Thread 0x000000001837e000 nmethod 3629 0x0000000003ec7ad0 code [0x0000000003ec7ce0, 0x0000000003ec8950]
Event: 5.828 Thread 0x000000001837e000 3590       4       org.objectweb.asm.MethodWriter::visitLocalVariable (222 bytes)
Event: 5.863 Thread 0x0000000019a7a000 3648       2       org.objectweb.asm.MethodWriter::visitTableSwitchInsn (120 bytes)
Event: 5.863 Thread 0x0000000019a7a000 nmethod 3648 0x0000000003eaacd0 code [0x0000000003eaaea0, 0x0000000003eab248]
Event: 5.864 Thread 0x0000000019a7a000 3649       2       org.objectweb.asm.MethodWriter::visitLookupSwitchInsn (114 bytes)
Event: 5.864 Thread 0x0000000019a7a000 nmethod 3649 0x0000000003ec7110 code [0x0000000003ec72e0, 0x0000000003ec76c8]
Event: 5.879 Thread 0x0000000019a7a000 3650       1       org.objectweb.asm.ClassWriter::visitEnd (1 bytes)
Event: 5.879 Thread 0x0000000019a7a000 nmethod 3650 0x0000000003e9b690 code [0x0000000003e9b7e0, 0x0000000003e9b8f0]

GC Heap History (10 events):
Event: 3.148 GC heap before
{Heap before GC invocations=7 (full 1):
 PSYoungGen      total 140800K, used 42831K [0x00000000d5580000, 0x00000000e3180000, 0x0000000100000000)
  eden space 130048K, 25% used [0x00000000d5580000,0x00000000d75c3640,0x00000000dd480000)
  from space 10752K, 91% used [0x00000000dd480000,0x00000000dde108f8,0x00000000ddf00000)
  to   space 12288K, 0% used [0x00000000e2580000,0x00000000e2580000,0x00000000e3180000)
 ParOldGen       total 103424K, used 9191K [0x0000000080000000, 0x0000000086500000, 0x00000000d5580000)
  object space 103424K, 8% used [0x0000000080000000,0x00000000808f9db0,0x0000000086500000)
 Metaspace       used 33691K, capacity 35322K, committed 35456K, reserved 1079296K
  class space    used 4863K, capacity 5234K, committed 5248K, reserved 1048576K
Event: 3.156 GC heap after
Heap after GC invocations=7 (full 1):
 PSYoungGen      total 213504K, used 9103K [0x00000000d5580000, 0x00000000e3900000, 0x0000000100000000)
  eden space 201216K, 0% used [0x00000000d5580000,0x00000000d5580000,0x00000000e1a00000)
  from space 12288K, 74% used [0x00000000e2580000,0x00000000e2e63d70,0x00000000e3180000)
  to   space 11776K, 0% used [0x00000000e1a00000,0x00000000e1a00000,0x00000000e2580000)
 ParOldGen       total 103424K, used 9199K [0x0000000080000000, 0x0000000086500000, 0x00000000d5580000)
  object space 103424K, 8% used [0x0000000080000000,0x00000000808fbdb0,0x0000000086500000)
 Metaspace       used 33691K, capacity 35322K, committed 35456K, reserved 1079296K
  class space    used 4863K, capacity 5234K, committed 5248K, reserved 1048576K
}
Event: 3.156 GC heap before
{Heap before GC invocations=8 (full 2):
 PSYoungGen      total 213504K, used 9103K [0x00000000d5580000, 0x00000000e3900000, 0x0000000100000000)
  eden space 201216K, 0% used [0x00000000d5580000,0x00000000d5580000,0x00000000e1a00000)
  from space 12288K, 74% used [0x00000000e2580000,0x00000000e2e63d70,0x00000000e3180000)
  to   space 11776K, 0% used [0x00000000e1a00000,0x00000000e1a00000,0x00000000e2580000)
 ParOldGen       total 103424K, used 9199K [0x0000000080000000, 0x0000000086500000, 0x00000000d5580000)
  object space 103424K, 8% used [0x0000000080000000,0x00000000808fbdb0,0x0000000086500000)
 Metaspace       used 33691K, capacity 35322K, committed 35456K, reserved 1079296K
  class space    used 4863K, capacity 5234K, committed 5248K, reserved 1048576K
Event: 3.185 GC heap after
Heap after GC invocations=8 (full 2):
 PSYoungGen      total 213504K, used 0K [0x00000000d5580000, 0x00000000e3900000, 0x0000000100000000)
  eden space 201216K, 0% used [0x00000000d5580000,0x00000000d5580000,0x00000000e1a00000)
  from space 12288K, 0% used [0x00000000e2580000,0x00000000e2580000,0x00000000e3180000)
  to   space 11776K, 0% used [0x00000000e1a00000,0x00000000e1a00000,0x00000000e2580000)
 ParOldGen       total 161280K, used 15940K [0x0000000080000000, 0x0000000089d80000, 0x00000000d5580000)
  object space 161280K, 9% used [0x0000000080000000,0x0000000080f913e8,0x0000000089d80000)
 Metaspace       used 33667K, capacity 35244K, committed 35456K, reserved 1079296K
  class space    used 4855K, capacity 5221K, committed 5248K, reserved 1048576K
}
Event: 5.518 GC heap before
{Heap before GC invocations=9 (full 2):
 PSYoungGen      total 213504K, used 201216K [0x00000000d5580000, 0x00000000e3900000, 0x0000000100000000)
  eden space 201216K, 100% used [0x00000000d5580000,0x00000000e1a00000,0x00000000e1a00000)
  from space 12288K, 0% used [0x00000000e2580000,0x00000000e2580000,0x00000000e3180000)
  to   space 11776K, 0% used [0x00000000e1a00000,0x00000000e1a00000,0x00000000e2580000)
 ParOldGen       total 161280K, used 15940K [0x0000000080000000, 0x0000000089d80000, 0x00000000d5580000)
  object space 161280K, 9% used [0x0000000080000000,0x0000000080f913e8,0x0000000089d80000)
 Metaspace       used 37723K, capacity 39528K, committed 39680K, reserved 1083392K
  class space    used 5374K, capacity 5775K, committed 5888K, reserved 1048576K
Event: 5.523 GC heap after
Heap after GC invocations=9 (full 2):
 PSYoungGen      total 212992K, used 5283K [0x00000000d5580000, 0x00000000e3900000, 0x0000000100000000)
  eden space 201216K, 0% used [0x00000000d5580000,0x00000000d5580000,0x00000000e1a00000)
  from space 11776K, 44% used [0x00000000e1a00000,0x00000000e1f28e00,0x00000000e2580000)
  to   space 12288K, 0% used [0x00000000e2580000,0x00000000e2580000,0x00000000e3180000)
 ParOldGen       total 161280K, used 15948K [0x0000000080000000, 0x0000000089d80000, 0x00000000d5580000)
  object space 161280K, 9% used [0x0000000080000000,0x0000000080f933e8,0x0000000089d80000)
 Metaspace       used 37723K, capacity 39528K, committed 39680K, reserved 1083392K
  class space    used 5374K, capacity 5775K, committed 5888K, reserved 1048576K
}
Event: 5.680 GC heap before
{Heap before GC invocations=10 (full 2):
 PSYoungGen      total 212992K, used 206499K [0x00000000d5580000, 0x00000000e3900000, 0x0000000100000000)
  eden space 201216K, 100% used [0x00000000d5580000,0x00000000e1a00000,0x00000000e1a00000)
  from space 11776K, 44% used [0x00000000e1a00000,0x00000000e1f28e00,0x00000000e2580000)
  to   space 12288K, 0% used [0x00000000e2580000,0x00000000e2580000,0x00000000e3180000)
 ParOldGen       total 161280K, used 15948K [0x0000000080000000, 0x0000000089d80000, 0x00000000d5580000)
  object space 161280K, 9% used [0x0000000080000000,0x0000000080f933e8,0x0000000089d80000)
 Metaspace       used 37810K, capacity 39592K, committed 39936K, reserved 1083392K
  class space    used 5374K, capacity 5775K, committed 5888K, reserved 1048576K
Event: 5.683 GC heap after
Heap after GC invocations=10 (full 2):
 PSYoungGen      total 213504K, used 2304K [0x00000000d5580000, 0x00000000e3900000, 0x0000000100000000)
  eden space 201216K, 0% used [0x00000000d5580000,0x00000000d5580000,0x00000000e1a00000)
  from space 12288K, 18% used [0x00000000e2580000,0x00000000e27c0010,0x00000000e3180000)
  to   space 11776K, 0% used [0x00000000e1a00000,0x00000000e1a00000,0x00000000e2580000)
 ParOldGen       total 161280K, used 15956K [0x0000000080000000, 0x0000000089d80000, 0x00000000d5580000)
  object space 161280K, 9% used [0x0000000080000000,0x0000000080f953e8,0x0000000089d80000)
 Metaspace       used 37810K, capacity 39592K, committed 39936K, reserved 1083392K
  class space    used 5374K, capacity 5775K, committed 5888K, reserved 1048576K
}
Event: 5.840 GC heap before
{Heap before GC invocations=11 (full 2):
 PSYoungGen      total 213504K, used 203520K [0x00000000d5580000, 0x00000000e3900000, 0x0000000100000000)
  eden space 201216K, 100% used [0x00000000d5580000,0x00000000e1a00000,0x00000000e1a00000)
  from space 12288K, 18% used [0x00000000e2580000,0x00000000e27c0010,0x00000000e3180000)
  to   space 11776K, 0% used [0x00000000e1a00000,0x00000000e1a00000,0x00000000e2580000)
 ParOldGen       total 161280K, used 15956K [0x0000000080000000, 0x0000000089d80000, 0x00000000d5580000)
  object space 161280K, 9% used [0x0000000080000000,0x0000000080f953e8,0x0000000089d80000)
 Metaspace       used 37813K, capacity 39592K, committed 39936K, reserved 1083392K
  class space    used 5374K, capacity 5775K, committed 5888K, reserved 1048576K
Event: 5.843 GC heap after
Heap after GC invocations=11 (full 2):
 PSYoungGen      total 212992K, used 2688K [0x00000000d5580000, 0x00000000e6580000, 0x0000000100000000)
  eden space 201216K, 0% used [0x00000000d5580000,0x00000000d5580000,0x00000000e1a00000)
  from space 11776K, 22% used [0x00000000e1a00000,0x00000000e1ca0010,0x00000000e2580000)
  to   space 13312K, 0% used [0x00000000e5880000,0x00000000e5880000,0x00000000e6580000)
 ParOldGen       total 161280K, used 15964K [0x0000000080000000, 0x0000000089d80000, 0x00000000d5580000)
  object space 161280K, 9% used [0x0000000080000000,0x0000000080f973e8,0x0000000089d80000)
 Metaspace       used 37813K, capacity 39592K, committed 39936K, reserved 1083392K
  class space    used 5374K, capacity 5775K, committed 5888K, reserved 1048576K
}

Deoptimization events (10 events):
Event: 5.412 Thread 0x000000001efb6000 Uncommon trap: reason=unstable_if action=reinterpret pc=0x0000000003d52888 method=org.objectweb.asm.MethodWriter.visitVarInsn(II)V @ 242
Event: 5.422 Thread 0x000000001efb6000 Uncommon trap: reason=unstable_if action=reinterpret pc=0x0000000003d601b0 method=org.objectweb.asm.ClassReader.readUtf(II[C)Ljava/lang/String; @ 69
Event: 5.422 Thread 0x000000001efb6000 Uncommon trap: reason=unstable_if action=reinterpret pc=0x0000000003d62f08 method=org.objectweb.asm.ByteVector.putUTF8(Ljava/lang/String;)Lorg/objectweb/asm/ByteVector; @ 100
Event: 5.432 Thread 0x000000001efb6000 Uncommon trap: reason=unstable_if action=reinterpret pc=0x0000000003d94ebc method=org.objectweb.asm.ClassReader.readUtf(II[C)Ljava/lang/String; @ 69
Event: 5.447 Thread 0x000000001efb6000 Uncommon trap: reason=unstable_if action=reinterpret pc=0x0000000003cbcb2c method=java.util.zip.ZipInputStream.read([BII)I @ 38
Event: 5.579 Thread 0x000000001efb6000 Uncommon trap: reason=unstable_if action=reinterpret pc=0x0000000003d60e20 method=org.objectweb.asm.MethodWriter.visitLabel(Lorg/objectweb/asm/Label;)V @ 238
Event: 5.579 Thread 0x000000001efb6000 Uncommon trap: reason=unstable_if action=reinterpret pc=0x0000000003e5bf30 method=org.objectweb.asm.MethodWriter.endCurrentBasicBlockWithNoSuccessor()V @ 73
Event: 5.719 Thread 0x000000001efb6000 Uncommon trap: reason=unstable_if action=reinterpret pc=0x0000000003dbcf30 method=org.objectweb.asm.SymbolTable.addConstantUtf8(Ljava/lang/String;)I @ 40
Event: 5.814 Thread 0x000000001efb6000 Uncommon trap: reason=unstable_if action=reinterpret pc=0x0000000003e9598c method=org.objectweb.asm.MethodWriter.visitFieldInsn(ILjava/lang/String;Ljava/lang/String;Ljava/lang/String;)V @ 128
Event: 5.814 Thread 0x000000001efb6000 Uncommon trap: reason=unstable_if action=reinterpret pc=0x0000000003ea6bc0 method=org.objectweb.asm.MethodWriter.visitFieldInsn(ILjava/lang/String;Ljava/lang/String;Ljava/lang/String;)V @ 157

Classes redefined (0 events):
No events

Internal exceptions (10 events):
Event: 3.673 Thread 0x000000001ca8f800 Exception <a 'sun/nio/fs/WindowsException'> (0x00000000d982f608) thrown at [C:\jenkins\workspace\zulu8-build-win64\zulu-src\hotspot\src\share\vm\prims\jni.cpp, line 711]
Event: 3.673 Thread 0x000000001ca8f800 Exception <a 'sun/nio/fs/WindowsException'> (0x00000000d982f950) thrown at [C:\jenkins\workspace\zulu8-build-win64\zulu-src\hotspot\src\share\vm\prims\jni.cpp, line 711]
Event: 3.694 Thread 0x000000001ca20800 Exception <a 'java/lang/ClassNotFoundException': sync_studio_tooling7_bhxie84xexyl608bubv8uaj4vBeanInfo> (0x00000000d9571b70) thrown at [C:\jenkins\workspace\zulu8-build-win64\zulu-src\hotspot\src\share\vm\classfile\systemDictionary.cpp, line 220]
Event: 3.694 Thread 0x000000001ca20800 Exception <a 'java/lang/ClassNotFoundException': sync_studio_tooling7_bhxie84xexyl608bubv8uaj4vCustomizer> (0x00000000d9584ff8) thrown at [C:\jenkins\workspace\zulu8-build-win64\zulu-src\hotspot\src\share\vm\classfile\systemDictionary.cpp, line 220]
Event: 3.705 Thread 0x000000001ca20800 Exception <a 'java/lang/ClassNotFoundException': ijinit_c7rkzb6hs62klieahys0jbp6eBeanInfo> (0x00000000d96845a0) thrown at [C:\jenkins\workspace\zulu8-build-win64\zulu-src\hotspot\src\share\vm\classfile\systemDictionary.cpp, line 220]
Event: 3.706 Thread 0x000000001ca20800 Exception <a 'java/lang/ClassNotFoundException': ijinit_c7rkzb6hs62klieahys0jbp6eCustomizer> (0x00000000d96946c0) thrown at [C:\jenkins\workspace\zulu8-build-win64\zulu-src\hotspot\src\share\vm\classfile\systemDictionary.cpp, line 220]
Event: 3.709 Thread 0x000000001ca20800 Exception <a 'java/lang/ClassNotFoundException': ijinit_c7rkzb6hs62klieahys0jbp6e$_run_closure1BeanInfo> (0x00000000d9701dd0) thrown at [C:\jenkins\workspace\zulu8-build-win64\zulu-src\hotspot\src\share\vm\classfile\systemDictionary.cpp, line 220]
Event: 3.709 Thread 0x000000001ca20800 Exception <a 'java/lang/ClassNotFoundException': ijinit_c7rkzb6hs62klieahys0jbp6e$_run_closure1Customizer> (0x00000000d9707730) thrown at [C:\jenkins\workspace\zulu8-build-win64\zulu-src\hotspot\src\share\vm\classfile\systemDictionary.cpp, line 220]
Event: 5.377 Thread 0x000000001efb6000 Exception <a 'sun/nio/fs/WindowsException'> (0x00000000dc4b1408) thrown at [C:\jenkins\workspace\zulu8-build-win64\zulu-src\hotspot\src\share\vm\prims\jni.cpp, line 711]
Event: 5.447 Thread 0x000000001efb6000 Implicit null exception at 0x0000000003cbc5c1 to 0x0000000003cbcb1d

Events (10 events):
Event: 5.814 Thread 0x000000001efb6000 Uncommon trap: trap_request=0xffffff65 fr.pc=0x0000000003e9598c
Event: 5.814 Thread 0x000000001efb6000 DEOPT PACKING pc=0x0000000003e9598c sp=0x00000000236cde60
Event: 5.814 Thread 0x000000001efb6000 DEOPT UNPACKING pc=0x000000000314567b sp=0x00000000236cdc90 mode 2
Event: 5.814 Thread 0x000000001efb6000 Uncommon trap: trap_request=0xffffff65 fr.pc=0x0000000003ea6bc0
Event: 5.814 Thread 0x000000001efb6000 DEOPT PACKING pc=0x0000000003ea6bc0 sp=0x00000000236cdd30
Event: 5.814 Thread 0x000000001efb6000 DEOPT UNPACKING pc=0x000000000314567b sp=0x00000000236cdcb8 mode 2
Event: 5.840 Executing VM operation: ParallelGCFailedAllocation
Event: 5.843 Executing VM operation: ParallelGCFailedAllocation done
Event: 5.883 Thread 0x000000001efb6000 DEOPT PACKING pc=0x0000000003e42121 sp=0x00000000236cdbe0
Event: 5.883 Thread 0x000000001efb6000 DEOPT UNPACKING pc=0x00000000031476d0 sp=0x00000000236cd930 mode 0


Dynamic libraries:
0x00007ff70c290000 - 0x00007ff70c2c5000 	C:\Program Files\Zulu\zulu-8\bin\java.exe
0x00007ffa56150000 - 0x00007ffa56364000 	C:\WINDOWS\SYSTEM32\ntdll.dll
0x00007ffa55270000 - 0x00007ffa55333000 	C:\WINDOWS\System32\KERNEL32.DLL
0x00007ffa53610000 - 0x00007ffa539ac000 	C:\WINDOWS\System32\KERNELBASE.dll
0x00007ffa55be0000 - 0x00007ffa55c8e000 	C:\WINDOWS\System32\ADVAPI32.dll
0x00007ffa56060000 - 0x00007ffa56107000 	C:\WINDOWS\System32\msvcrt.dll
0x00007ffa55c90000 - 0x00007ffa55d34000 	C:\WINDOWS\System32\sechost.dll
0x00007ffa55ee0000 - 0x00007ffa55ff5000 	C:\WINDOWS\System32\RPCRT4.dll
0x00007ffa554f0000 - 0x00007ffa5569d000 	C:\WINDOWS\System32\USER32.dll
0x00007ffa53c80000 - 0x00007ffa53ca6000 	C:\WINDOWS\System32\win32u.dll
0x00007ffa55450000 - 0x00007ffa55479000 	C:\WINDOWS\System32\GDI32.dll
0x00007ffa53d20000 - 0x00007ffa53e33000 	C:\WINDOWS\System32\gdi32full.dll
0x00007ffa53b20000 - 0x00007ffa53bba000 	C:\WINDOWS\System32\msvcp_win.dll
0x00007ffa53e40000 - 0x00007ffa53f51000 	C:\WINDOWS\System32\ucrtbase.dll
0x00007ffa368f0000 - 0x00007ffa36b7e000 	C:\WINDOWS\WinSxS\amd64_microsoft.windows.common-controls_6595b64144ccf1df_6.0.22621.608_none_a9444ca7c10bb01d\COMCTL32.dll
0x00007ffa54f10000 - 0x00007ffa54f41000 	C:\WINDOWS\System32\IMM32.DLL
0x0000000060640000 - 0x0000000060712000 	C:\Program Files\Zulu\zulu-8\jre\bin\msvcr100.dll
0x000000005f9d0000 - 0x0000000060296000 	C:\Program Files\Zulu\zulu-8\jre\bin\server\jvm.dll
0x00007ffa556a0000 - 0x00007ffa556a8000 	C:\WINDOWS\System32\PSAPI.DLL
0x00007ffa4eb10000 - 0x00007ffa4eb19000 	C:\WINDOWS\SYSTEM32\WSOCK32.dll
0x00007ffa486c0000 - 0x00007ffa486f4000 	C:\WINDOWS\SYSTEM32\WINMM.dll
0x00007ffa486a0000 - 0x00007ffa486aa000 	C:\WINDOWS\SYSTEM32\VERSION.dll
0x00007ffa54080000 - 0x00007ffa540f1000 	C:\WINDOWS\System32\WS2_32.dll
0x00007ffa3b9d0000 - 0x00007ffa3b9df000 	C:\Program Files\Zulu\zulu-8\jre\bin\verify.dll
0x00007ff9e5e70000 - 0x00007ff9e5e99000 	C:\Program Files\Zulu\zulu-8\jre\bin\java.dll
0x00007ffa176b0000 - 0x00007ffa176c6000 	C:\Program Files\Zulu\zulu-8\jre\bin\zip.dll
0x00007ffa54590000 - 0x00007ffa54d80000 	C:\WINDOWS\System32\SHELL32.dll
0x00007ffa51550000 - 0x00007ffa51e1e000 	C:\WINDOWS\SYSTEM32\windows.storage.dll
0x00007ffa557d0000 - 0x00007ffa55b59000 	C:\WINDOWS\System32\combase.dll
0x00007ffa51410000 - 0x00007ffa5154e000 	C:\WINDOWS\SYSTEM32\wintypes.dll
0x00007ffa54e10000 - 0x00007ffa54f01000 	C:\WINDOWS\System32\SHCORE.dll
0x00007ffa56000000 - 0x00007ffa5605e000 	C:\WINDOWS\System32\shlwapi.dll
0x00007ffa534c0000 - 0x00007ffa534e1000 	C:\WINDOWS\SYSTEM32\profapi.dll
0x00007ffa11750000 - 0x00007ffa1176b000 	C:\Program Files\Zulu\zulu-8\jre\bin\net.dll
0x00007ffa52af0000 - 0x00007ffa52b59000 	C:\WINDOWS\system32\mswsock.dll
0x00007ffa069d0000 - 0x00007ffa069e1000 	C:\Program Files\Zulu\zulu-8\jre\bin\nio.dll
0x00007ffa3ec10000 - 0x00007ffa3ec37000 	C:\Gradle\gradle-7.5.1\native\e1d6ef7f7dcc3fd88c89a11ec53ec762bb8ba0a96d01ffa2cd45eb1d1d8dd5c5\windows-amd64\native-platform.dll
0x00007ffa25850000 - 0x00007ffa25994000 	C:\Gradle\gradle-7.5.1\native\0d407fdbe67a94daf76414ababcb853783967236a71b16ec16e742cd7a986fd3\windows-amd64\native-platform-file-events.dll
0x00007ffa33b30000 - 0x00007ffa33b3d000 	C:\Program Files\Zulu\zulu-8\jre\bin\management.dll
0x00007ffa52e10000 - 0x00007ffa52e2b000 	C:\WINDOWS\SYSTEM32\CRYPTSP.dll
0x00007ffa52600000 - 0x00007ffa52635000 	C:\WINDOWS\system32\rsaenh.dll
0x00007ffa52b90000 - 0x00007ffa52bb8000 	C:\WINDOWS\SYSTEM32\USERENV.dll
0x00007ffa52f40000 - 0x00007ffa52f68000 	C:\WINDOWS\SYSTEM32\bcrypt.dll
0x00007ffa53590000 - 0x00007ffa5360b000 	C:\WINDOWS\System32\bcryptprimitives.dll
0x00007ffa52df0000 - 0x00007ffa52dfc000 	C:\WINDOWS\SYSTEM32\CRYPTBASE.dll
0x00007ffa52070000 - 0x00007ffa5209d000 	C:\WINDOWS\SYSTEM32\IPHLPAPI.DLL
0x00007ffa55340000 - 0x00007ffa55349000 	C:\WINDOWS\System32\NSI.dll
0x00007ffa493c0000 - 0x00007ffa493d9000 	C:\WINDOWS\SYSTEM32\dhcpcsvc6.DLL
0x00007ffa491a0000 - 0x00007ffa491bf000 	C:\WINDOWS\SYSTEM32\dhcpcsvc.DLL
0x00007ffa52150000 - 0x00007ffa52243000 	C:\WINDOWS\SYSTEM32\DNSAPI.dll

VM Arguments:
jvm_args: -Xmx2048m -Dfile.encoding=UTF-8 -Duser.country=US -Duser.language=en -Duser.variant 
java_command: org.gradle.launcher.daemon.bootstrap.GradleDaemon 7.5
java_class_path (initial): C:\Gradle\gradle-7.5.1\wrapper\dists\gradle-7.5-bin\f1w0cc9nuo0eivz97x2xlu9sv\gradle-7.5\lib\gradle-launcher-7.5.jar
Launcher Type: SUN_STANDARD

Environment Variables:
JAVA_HOME=C:\Program Files\Zulu\zulu-8
PATH=C:\Program Files\Zulu\zulu-8\bin\;C:\Program Files/jdk/bin;C:\Python310\Scripts\;C:\Python310\;C:\Program Files (x86)\Common Files\Intel\Shared Libraries\redist\intel64\compiler;C:\ProgramData\Oracle\Java\javapath;C:\Windows\system32;C:\Windows;C:\Windows\System32\Wbem;C:\Windows\System32\WindowsPowerShell\v1.0\;C:\Windows\System32\OpenSSH\;C:\Program Files (x86)\NVIDIA Corporation\PhysX\Common;C:\Program Files\NVIDIA Corporation\NVIDIA NvDLISR;C:\Program Files\Git\cmd;C:\Gradle\gradle-6.7\bin;C:\Users\Asus\AppData\Local\Android\Sdk\platform-tools;C:\Program Files\Dart\dart-sdk\bin;C:\scrcpy;C:\Program Files\dotnet\;C:\WINDOWS\system32;C:\WINDOWS;C:\WINDOWS\System32\Wbem;C:\WINDOWS\System32\WindowsPowerShell\v1.0\;C:\WINDOWS\System32\OpenSSH\;C:\ProgramData\chocolatey\bin;C:\Program Files\nodejs\;C:\Program Files\Neovim\bin;C:\Program Files\PuTTY\;C:\Program Files\LLVM\bin;C:\laragon\bin\php\php-8.1.11-Win32-vs16-x64;C:\ProgramData\ComposerSetup\bin;C:\laragon\bin;C:\laragon\bin\apache\httpd-2.4.47-win64-VS16;C:\laragon\bin;C:\laragon\bin\apache\httpd-2.4.47-win64-VS16\bin;C:\laragon\bin\composer;C:\laragon\bin\git\bin;C:\laragon\bin\git\cmd;C:\laragon\bin\git\mingw64\bin;C:\laragon\bin\git\usr\bin;C:\laragon\bin\laragon\utils;C:\laragon\bin\mysql\mysql-5.7.18-winx64\bin;C:\laragon\bin\nginx\nginx-1.19.10;C:\laragon\bin\ngrok;C:\laragon\bin\nodejs\node-v16.15.1;C:\laragon\bin\notepad++;C:\laragon\bin\php\php-8.1.11-Win32-vs16-x64;C:\laragon\bin\redis\redis-x64-3.2.100;C:\laragon\bin\telnet;C:\laragon\usr\bin;C:\Users\Asus\AppData\Local\Yarn\config\global\node_modules\.bin;C:\Users\Asus\AppData\Roaming\Composer\vendor\bin;C:\Users\Asus\AppData\Roaming\npm;C:\Users\Asus\AppData\Local\Programs\Python\Python37\Scripts\;C:\Users\Asus\AppData\Local\Programs\Python\Python37\;C:\Users\Asus\AppData\Local\Microsoft\WindowsApps;C:\Development\bin;C:\Users\Asus\AppData\Local\Microsoft\WindowsApps;C:\Users\Asus\AppData\Local\Programs\Microsoft VS Code\bin
USERNAME=Asus
OS=Windows_NT
PROCESSOR_IDENTIFIER=Intel64 Family 6 Model 165 Stepping 2, GenuineIntel



---------------  S Y S T E M  ---------------

OS: Windows 10.0 , 64 bit Build 22621 (10.0.22621.1344)
HyperV virtualization detected

CPU:total 12 (initial active 12) (6 cores per cpu, 2 threads per core) family 6 model 165 stepping 2, cmov, cx8, fxsr, mmx, sse, sse2, sse3, ssse3, sse4.1, sse4.2, popcnt, avx, avx2, aes, clmul, erms, 3dnowpref, lzcnt, ht, tsc, tscinvbit, bmi1, bmi2, adx

Memory: 4k page, physical 16559044k(6829844k free), swap 16559044k(5344k free)

vm_info: OpenJDK 64-Bit Server VM (25.292-b10) for windows-amd64 JRE (Zulu 8.54.0.21-CA-win64) (1.8.0_292-b10), built on Apr  6 2021 10:31:04 by "tester" with MS VC++ 10.0 (VS2010)

time: Mon Apr 10 13:20:53 2023
timezone: Malay Peninsula Standard Time
elapsed time: 5.895495 seconds (0d 0h 0m 5s)

